/!\ FAILSAFE /!\  Mon Mar 30 16:09:23 +0200 2009
  Status: 500 Internal Server Error
  Unknown database 'start_app_development'
    /Users/elfxf/.gem/ruby/1.8/gems/activerecord-2.3.2/lib/active_record/connection_adapters/mysql_adapter.rb:576:in `real_connect'
    /Users/elfxf/.gem/ruby/1.8/gems/activerecord-2.3.2/lib/active_record/connection_adapters/mysql_adapter.rb:576:in `connect'
    /Users/elfxf/.gem/ruby/1.8/gems/activerecord-2.3.2/lib/active_record/connection_adapters/mysql_adapter.rb:204:in `initialize'
    /Users/elfxf/.gem/ruby/1.8/gems/activerecord-2.3.2/lib/active_record/connection_adapters/mysql_adapter.rb:76:in `new'
    /Users/elfxf/.gem/ruby/1.8/gems/activerecord-2.3.2/lib/active_record/connection_adapters/mysql_adapter.rb:76:in `mysql_connection'
    /Users/elfxf/.gem/ruby/1.8/gems/activerecord-2.3.2/lib/active_record/connection_adapters/abstract/connection_pool.rb:223:in `send'
    /Users/elfxf/.gem/ruby/1.8/gems/activerecord-2.3.2/lib/active_record/connection_adapters/abstract/connection_pool.rb:223:in `new_connection'
    /Users/elfxf/.gem/ruby/1.8/gems/activerecord-2.3.2/lib/active_record/connection_adapters/abstract/connection_pool.rb:245:in `checkout_new_connection'
    /Users/elfxf/.gem/ruby/1.8/gems/activerecord-2.3.2/lib/active_record/connection_adapters/abstract/connection_pool.rb:188:in `checkout'
    /Users/elfxf/.gem/ruby/1.8/gems/activerecord-2.3.2/lib/active_record/connection_adapters/abstract/connection_pool.rb:184:in `loop'
    /Users/elfxf/.gem/ruby/1.8/gems/activerecord-2.3.2/lib/active_record/connection_adapters/abstract/connection_pool.rb:184:in `checkout'
    /System/Library/Frameworks/Ruby.framework/Versions/1.8/usr/lib/ruby/1.8/monitor.rb:242:in `synchronize'
    /Users/elfxf/.gem/ruby/1.8/gems/activerecord-2.3.2/lib/active_record/connection_adapters/abstract/connection_pool.rb:183:in `checkout'
    /Users/elfxf/.gem/ruby/1.8/gems/activerecord-2.3.2/lib/active_record/connection_adapters/abstract/connection_pool.rb:98:in `connection'
    /Users/elfxf/.gem/ruby/1.8/gems/activerecord-2.3.2/lib/active_record/connection_adapters/abstract/connection_pool.rb:326:in `retrieve_connection'
    /Users/elfxf/.gem/ruby/1.8/gems/activerecord-2.3.2/lib/active_record/connection_adapters/abstract/connection_specification.rb:123:in `retrieve_connection'
    /Users/elfxf/.gem/ruby/1.8/gems/activerecord-2.3.2/lib/active_record/connection_adapters/abstract/connection_specification.rb:115:in `connection'
    /Users/elfxf/.gem/ruby/1.8/gems/activerecord-2.3.2/lib/active_record/query_cache.rb:9:in `cache'
    /Users/elfxf/.gem/ruby/1.8/gems/activerecord-2.3.2/lib/active_record/query_cache.rb:28:in `call'
    /Users/elfxf/.gem/ruby/1.8/gems/activerecord-2.3.2/lib/active_record/connection_adapters/abstract/connection_pool.rb:361:in `call'
    /Users/elfxf/.gem/ruby/1.8/gems/actionpack-2.3.2/lib/action_controller/vendor/rack-1.0/rack/head.rb:9:in `call'
    /Users/elfxf/.gem/ruby/1.8/gems/actionpack-2.3.2/lib/action_controller/vendor/rack-1.0/rack/methodoverride.rb:24:in `call'
    /Users/elfxf/.gem/ruby/1.8/gems/actionpack-2.3.2/lib/action_controller/params_parser.rb:15:in `call'
    /Users/elfxf/.gem/ruby/1.8/gems/actionpack-2.3.2/lib/action_controller/rewindable_input.rb:25:in `call'
    /Users/elfxf/.gem/ruby/1.8/gems/actionpack-2.3.2/lib/action_controller/session/cookie_store.rb:93:in `call'
    /Users/elfxf/.gem/ruby/1.8/gems/actionpack-2.3.2/lib/action_controller/reloader.rb:9:in `call'
    /Users/elfxf/.gem/ruby/1.8/gems/actionpack-2.3.2/lib/action_controller/failsafe.rb:11:in `call'
    /Users/elfxf/.gem/ruby/1.8/gems/actionpack-2.3.2/lib/action_controller/vendor/rack-1.0/rack/lock.rb:11:in `call'
    /Users/elfxf/.gem/ruby/1.8/gems/actionpack-2.3.2/lib/action_controller/vendor/rack-1.0/rack/lock.rb:11:in `synchronize'
    /Users/elfxf/.gem/ruby/1.8/gems/actionpack-2.3.2/lib/action_controller/vendor/rack-1.0/rack/lock.rb:11:in `call'
    /Users/elfxf/.gem/ruby/1.8/gems/actionpack-2.3.2/lib/action_controller/dispatcher.rb:106:in `call'
    /Users/elfxf/.gem/ruby/1.8/gems/rails-2.3.2/lib/rails/rack/static.rb:31:in `call'
    /Users/elfxf/.gem/ruby/1.8/gems/actionpack-2.3.2/lib/action_controller/vendor/rack-1.0/rack/urlmap.rb:46:in `call'
    /Users/elfxf/.gem/ruby/1.8/gems/actionpack-2.3.2/lib/action_controller/vendor/rack-1.0/rack/urlmap.rb:40:in `each'
    /Users/elfxf/.gem/ruby/1.8/gems/actionpack-2.3.2/lib/action_controller/vendor/rack-1.0/rack/urlmap.rb:40:in `call'
    /Users/elfxf/.gem/ruby/1.8/gems/rails-2.3.2/lib/rails/rack/log_tailer.rb:17:in `call'
    /Users/elfxf/.gem/ruby/1.8/gems/actionpack-2.3.2/lib/action_controller/vendor/rack-1.0/rack/content_length.rb:13:in `call'
    /Users/elfxf/.gem/ruby/1.8/gems/actionpack-2.3.2/lib/action_controller/vendor/rack-1.0/rack/chunked.rb:15:in `call'
    /Users/elfxf/.gem/ruby/1.8/gems/actionpack-2.3.2/lib/action_controller/vendor/rack-1.0/rack/handler/mongrel.rb:61:in `process'
    /Library/Ruby/Gems/1.8/gems/mongrel-1.1.5/lib/mongrel.rb:159:in `process_client'
    /Library/Ruby/Gems/1.8/gems/mongrel-1.1.5/lib/mongrel.rb:158:in `each'
    /Library/Ruby/Gems/1.8/gems/mongrel-1.1.5/lib/mongrel.rb:158:in `process_client'
    /Library/Ruby/Gems/1.8/gems/mongrel-1.1.5/lib/mongrel.rb:285:in `run'
    /Library/Ruby/Gems/1.8/gems/mongrel-1.1.5/lib/mongrel.rb:285:in `initialize'
    /Library/Ruby/Gems/1.8/gems/mongrel-1.1.5/lib/mongrel.rb:285:in `new'
    /Library/Ruby/Gems/1.8/gems/mongrel-1.1.5/lib/mongrel.rb:285:in `run'
    /Library/Ruby/Gems/1.8/gems/mongrel-1.1.5/lib/mongrel.rb:268:in `initialize'
    /Library/Ruby/Gems/1.8/gems/mongrel-1.1.5/lib/mongrel.rb:268:in `new'
    /Library/Ruby/Gems/1.8/gems/mongrel-1.1.5/lib/mongrel.rb:268:in `run'
    /Users/elfxf/.gem/ruby/1.8/gems/actionpack-2.3.2/lib/action_controller/vendor/rack-1.0/rack/handler/mongrel.rb:34:in `run'
    /Users/elfxf/.gem/ruby/1.8/gems/rails-2.3.2/lib/commands/server.rb:111
    /Library/Ruby/Site/1.8/rubygems/custom_require.rb:31:in `gem_original_require'
    /Library/Ruby/Site/1.8/rubygems/custom_require.rb:31:in `require'
    script/server:3
  [4;36;1mSQL (0.2ms)[0m   [0;1mSET NAMES 'utf8'[0m
  [4;35;1mSQL (0.1ms)[0m   [0mSET SQL_AUTO_IS_NULL=0[0m
  [4;36;1mSQL (0.3ms)[0m   [0;1mSHOW TABLES[0m
  [4;35;1mSQL (75.3ms)[0m   [0mCREATE TABLE `schema_migrations` (`version` varchar(255) NOT NULL) ENGINE=InnoDB[0m
  [4;36;1mSQL (22.6ms)[0m   [0;1mCREATE UNIQUE INDEX `unique_schema_migrations` ON `schema_migrations` (`version`)[0m
  [4;35;1mSQL (0.5ms)[0m   [0mSHOW TABLES[0m
  [4;36;1mSQL (0.4ms)[0m   [0;1mSELECT version FROM schema_migrations[0m
Migrating to CreateUsers (20090330122807)
  [4;35;1mSQL (0.4ms)[0m   [0mSHOW TABLES[0m
  [4;36;1mSQL (3.8ms)[0m   [0;1mCREATE TABLE `users` (`id` int(11) DEFAULT NULL auto_increment PRIMARY KEY, `login` varchar(40), `name` varchar(100) DEFAULT '', `email` varchar(100), `crypted_password` varchar(40), `salt` varchar(40), `created_at` datetime, `updated_at` datetime, `remember_token` varchar(40), `remember_token_expires_at` datetime) ENGINE=InnoDB[0m
  [4;35;1mSQL (57.2ms)[0m   [0mCREATE UNIQUE INDEX `index_users_on_login` ON `users` (`login`)[0m
  [4;36;1mSQL (1.3ms)[0m   [0;1mINSERT INTO schema_migrations (version) VALUES ('20090330122807')[0m
Migrating to CreateRoles (20090330123027)
  [4;35;1mSQL (2.8ms)[0m   [0mCREATE TABLE `roles` (`id` int(11) DEFAULT NULL auto_increment PRIMARY KEY, `name` varchar(255)) ENGINE=InnoDB[0m
  [4;36;1mSQL (3.9ms)[0m   [0;1mCREATE TABLE `roles_users` (`role_id` int(11), `user_id` int(11)) ENGINE=InnoDB[0m
  [4;35;1mSQL (9.4ms)[0m   [0mCREATE INDEX `index_roles_users_on_role_id` ON `roles_users` (`role_id`)[0m
  [4;36;1mSQL (73.6ms)[0m   [0;1mCREATE INDEX `index_roles_users_on_user_id` ON `roles_users` (`user_id`)[0m
  [4;35;1mSQL (1.1ms)[0m   [0mINSERT INTO schema_migrations (version) VALUES ('20090330123027')[0m
  [4;36;1mSQL (0.4ms)[0m   [0;1mSHOW TABLES[0m
  [4;35;1mSQL (0.2ms)[0m   [0mSELECT version FROM schema_migrations[0m
  [4;36;1mSQL (0.2ms)[0m   [0;1mSHOW TABLES[0m
  [4;35;1mSQL (1.5ms)[0m   [0mSHOW FIELDS FROM `roles`[0m
  [4;36;1mSQL (1.9ms)[0m   [0;1mdescribe `roles`[0m
  [4;35;1mSQL (0.8ms)[0m   [0mSHOW KEYS FROM `roles`[0m
  [4;36;1mSQL (1.7ms)[0m   [0;1mSHOW FIELDS FROM `roles_users`[0m
  [4;35;1mSQL (2.4ms)[0m   [0mdescribe `roles_users`[0m
  [4;36;1mSQL (1.3ms)[0m   [0;1mSHOW KEYS FROM `roles_users`[0m
  [4;35;1mSQL (1.8ms)[0m   [0mSHOW FIELDS FROM `users`[0m
  [4;36;1mSQL (2.2ms)[0m   [0;1mdescribe `users`[0m
  [4;35;1mSQL (1.3ms)[0m   [0mSHOW KEYS FROM `users`[0m
  [4;36;1mSQL (0.2ms)[0m   [0;1mSET NAMES 'utf8'[0m
  [4;35;1mSQL (0.1ms)[0m   [0mSET SQL_AUTO_IS_NULL=0[0m


Processing HomeController#index (for 127.0.0.1 at 2009-03-30 16:10:02) [GET]
Rendering template within layouts/application
Rendering home/index
Completed in 56ms (View: 54, DB: 0) | 200 OK [http://localhost/]
  [4;36;1mSQL (0.1ms)[0m   [0;1mSET NAMES 'utf8'[0m
  [4;35;1mSQL (0.1ms)[0m   [0mSET SQL_AUTO_IS_NULL=0[0m


Processing HomeController#index (for 127.0.0.1 at 2009-03-30 16:16:50) [GET]
Rendering template within layouts/application
Rendering home/index
Completed in 3ms (View: 2, DB: 0) | 200 OK [http://localhost/]
  [4;36;1mSQL (0.2ms)[0m   [0;1mSET NAMES 'utf8'[0m
  [4;35;1mSQL (0.1ms)[0m   [0mSET SQL_AUTO_IS_NULL=0[0m


Processing HomeController#index (for 127.0.0.1 at 2009-03-30 16:18:44) [GET]
Rendering template within layouts/application
Rendering home/index
Completed in 10ms (View: 8, DB: 0) | 200 OK [http://localhost/]
  [4;36;1mSQL (0.2ms)[0m   [0;1mSET NAMES 'utf8'[0m
  [4;35;1mSQL (0.1ms)[0m   [0mSET SQL_AUTO_IS_NULL=0[0m


Processing HomeController#index (for 127.0.0.1 at 2009-03-30 16:19:51) [GET]
Rendering template within layouts/application
Rendering home/index
Completed in 7ms (View: 5, DB: 0) | 200 OK [http://localhost/]
  [4;36;1mSQL (0.1ms)[0m   [0;1mSET NAMES 'utf8'[0m
  [4;35;1mSQL (0.1ms)[0m   [0mSET SQL_AUTO_IS_NULL=0[0m


Processing HomeController#index (for 127.0.0.1 at 2009-03-30 16:21:55) [GET]
Rendering template within layouts/application
Rendering home/index
  [4;36;1mUser Columns (3.1ms)[0m   [0;1mSHOW FIELDS FROM `users`[0m
  [4;35;1mUser Load (0.3ms)[0m   [0mSELECT * FROM `users` WHERE (`users`.`remember_token` = '') LIMIT 1[0m
Rendered users/_user_bar (78.4ms)
Completed in 90ms (View: 85, DB: 4) | 200 OK [http://localhost/]
  [4;36;1mSQL (0.1ms)[0m   [0;1mSET NAMES 'utf8'[0m
  [4;35;1mSQL (0.1ms)[0m   [0mSET SQL_AUTO_IS_NULL=0[0m


Processing HomeController#index (for 127.0.0.1 at 2009-03-30 16:23:07) [GET]
Rendering template within layouts/application
Rendering home/index
  [4;36;1mUser Columns (3.2ms)[0m   [0;1mSHOW FIELDS FROM `users`[0m
  [4;35;1mUser Load (0.3ms)[0m   [0mSELECT * FROM `users` WHERE (`users`.`remember_token` = '') LIMIT 1[0m
Rendered users/_user_bar (12.2ms)
Completed in 16ms (View: 11, DB: 4) | 200 OK [http://localhost/]
  [4;36;1mSQL (0.1ms)[0m   [0;1mSET NAMES 'utf8'[0m
  [4;35;1mSQL (0.1ms)[0m   [0mSET SQL_AUTO_IS_NULL=0[0m


Processing HomeController#index (for 127.0.0.1 at 2009-03-30 16:23:26) [GET]
Rendering template within layouts/application
Rendering home/index
  [4;36;1mUser Columns (3.2ms)[0m   [0;1mSHOW FIELDS FROM `users`[0m
  [4;35;1mUser Load (0.3ms)[0m   [0mSELECT * FROM `users` WHERE (`users`.`remember_token` = '') LIMIT 1[0m
Rendered users/_user_bar (11.4ms)
Completed in 15ms (View: 10, DB: 4) | 200 OK [http://localhost/]
  [4;36;1mSQL (0.2ms)[0m   [0;1mSET NAMES 'utf8'[0m
  [4;35;1mSQL (0.1ms)[0m   [0mSET SQL_AUTO_IS_NULL=0[0m


Processing HomeController#index (for 127.0.0.1 at 2009-03-30 16:24:29) [GET]
Rendering template within layouts/application
Rendering home/index
  [4;36;1mUser Columns (3.0ms)[0m   [0;1mSHOW FIELDS FROM `users`[0m
  [4;35;1mUser Load (0.3ms)[0m   [0mSELECT * FROM `users` WHERE (`users`.`remember_token` = '') LIMIT 1[0m
Rendered users/_user_bar (64.0ms)
Completed in 68ms (View: 63, DB: 4) | 200 OK [http://localhost/]
  [4;36;1mSQL (0.1ms)[0m   [0;1mSET NAMES 'utf8'[0m
  [4;35;1mSQL (0.1ms)[0m   [0mSET SQL_AUTO_IS_NULL=0[0m


Processing SessionsController#new (for 127.0.0.1 at 2009-03-30 16:24:39) [GET]
Rendering template within layouts/application
Rendering sessions/new
  [4;36;1mUser Columns (2.6ms)[0m   [0;1mSHOW FIELDS FROM `users`[0m
  [4;35;1mUser Load (0.3ms)[0m   [0mSELECT * FROM `users` WHERE (`users`.`remember_token` = '') LIMIT 1[0m
Rendered users/_user_bar (11.1ms)
Completed in 22ms (View: 17, DB: 3) | 200 OK [http://localhost/login]
  [4;36;1mSQL (0.1ms)[0m   [0;1mSET NAMES 'utf8'[0m
  [4;35;1mSQL (0.1ms)[0m   [0mSET SQL_AUTO_IS_NULL=0[0m


Processing SessionsController#new (for 127.0.0.1 at 2009-03-30 16:25:05) [GET]
Rendering template within layouts/application
Rendering sessions/new
  [4;36;1mUser Columns (3.0ms)[0m   [0;1mSHOW FIELDS FROM `users`[0m
  [4;35;1mUser Load (0.3ms)[0m   [0mSELECT * FROM `users` WHERE (`users`.`remember_token` = '') LIMIT 1[0m
Rendered users/_user_bar (11.4ms)
Completed in 20ms (View: 15, DB: 4) | 200 OK [http://localhost/login]
  [4;36;1mSQL (0.1ms)[0m   [0;1mSET NAMES 'utf8'[0m
  [4;35;1mSQL (0.1ms)[0m   [0mSET SQL_AUTO_IS_NULL=0[0m


Processing SessionsController#new (for 127.0.0.1 at 2009-03-30 16:25:18) [GET]
Rendering template within layouts/application
Rendering sessions/new
  [4;36;1mUser Columns (3.2ms)[0m   [0;1mSHOW FIELDS FROM `users`[0m
  [4;35;1mUser Load (0.3ms)[0m   [0mSELECT * FROM `users` WHERE (`users`.`remember_token` = '') LIMIT 1[0m
Rendered users/_user_bar (12.8ms)
Completed in 21ms (View: 16, DB: 4) | 200 OK [http://localhost/login]
  [4;36;1mSQL (0.2ms)[0m   [0;1mSET NAMES 'utf8'[0m
  [4;35;1mSQL (0.1ms)[0m   [0mSET SQL_AUTO_IS_NULL=0[0m


Processing SessionsController#create (for 127.0.0.1 at 2009-03-30 16:25:29) [POST]
  Parameters: {"commit"=>"Log in", "authenticity_token"=>"rwY25AS+d3ti2fXlalU723lOyYUhS5ZOR/nXh5j9Qvg=", "login"=>"ognevsky", "password"=>"qweasdzxc", "remember_me"=>"1"}
  [4;36;1mUser Columns (3.0ms)[0m   [0;1mSHOW FIELDS FROM `users`[0m
  [4;35;1mUser Load (0.4ms)[0m   [0mSELECT * FROM `users` WHERE (`users`.`login` = 'ognevsky') LIMIT 1[0m
Failed login for 'ognevsky' from 127.0.0.1 at Mon Mar 30 14:25:29 UTC 2009
Rendering template within layouts/application
Rendering sessions/new
Rendered users/_user_bar (0.2ms)
Completed in 17ms (View: 4, DB: 4) | 200 OK [http://localhost/session]
  [4;36;1mSQL (0.1ms)[0m   [0;1mSET NAMES 'utf8'[0m
  [4;35;1mSQL (0.1ms)[0m   [0mSET SQL_AUTO_IS_NULL=0[0m


Processing SessionsController#create (for 127.0.0.1 at 2009-03-30 16:27:03) [POST]
  Parameters: {"commit"=>"Log in", "authenticity_token"=>"rwY25AS+d3ti2fXlalU723lOyYUhS5ZOR/nXh5j9Qvg=", "login"=>"ognevsky", "password"=>"qweasdzxc", "remember_me"=>"1"}
  [4;36;1mUser Columns (2.3ms)[0m   [0;1mSHOW FIELDS FROM `users`[0m
  [4;35;1mUser Load (0.2ms)[0m   [0mSELECT * FROM `users` WHERE (`users`.`login` = 'ognevsky') LIMIT 1[0m
Failed login for 'ognevsky' from 127.0.0.1 at Mon Mar 30 14:27:03 UTC 2009
Rendering template within layouts/application
Rendering sessions/new
Rendered users/_user_bar (0.1ms)
Completed in 14ms (View: 3, DB: 3) | 200 OK [http://localhost/session]
  [4;36;1mSQL (0.2ms)[0m   [0;1mSET NAMES 'utf8'[0m
  [4;35;1mSQL (0.1ms)[0m   [0mSET SQL_AUTO_IS_NULL=0[0m


Processing SessionsController#create (for 127.0.0.1 at 2009-03-30 16:27:53) [POST]
  Parameters: {"commit"=>"Log in", "authenticity_token"=>"rwY25AS+d3ti2fXlalU723lOyYUhS5ZOR/nXh5j9Qvg=", "login"=>"ognevsky", "password"=>"qweasdzxc", "remember_me"=>"1"}
  [4;36;1mUser Columns (3.5ms)[0m   [0;1mSHOW FIELDS FROM `users`[0m
  [4;35;1mUser Load (0.3ms)[0m   [0mSELECT * FROM `users` WHERE (`users`.`login` = 'ognevsky') LIMIT 1[0m
Failed login for 'ognevsky' from 127.0.0.1 at Mon Mar 30 14:27:53 UTC 2009
Rendering template within layouts/application
Rendering sessions/new
Rendered users/_user_bar (0.1ms)
Completed in 16ms (View: 3, DB: 4) | 200 OK [http://localhost/session]
  [4;36;1mSQL (0.1ms)[0m   [0;1mSET NAMES 'utf8'[0m
  [4;35;1mSQL (0.1ms)[0m   [0mSET SQL_AUTO_IS_NULL=0[0m


Processing SessionsController#create (for 127.0.0.1 at 2009-03-30 16:28:04) [POST]
  Parameters: {"commit"=>"Log in", "authenticity_token"=>"rwY25AS+d3ti2fXlalU723lOyYUhS5ZOR/nXh5j9Qvg=", "login"=>"ognevsky", "password"=>"qweasdzxc", "remember_me"=>"1"}
  [4;36;1mUser Columns (2.4ms)[0m   [0;1mSHOW FIELDS FROM `users`[0m
  [4;35;1mUser Load (0.3ms)[0m   [0mSELECT * FROM `users` WHERE (`users`.`login` = 'ognevsky') LIMIT 1[0m
Failed login for 'ognevsky' from 127.0.0.1 at Mon Mar 30 14:28:04 UTC 2009
Rendering template within layouts/application
Rendering sessions/new
Rendered users/_user_bar (0.2ms)
Completed in 15ms (View: 4, DB: 3) | 200 OK [http://localhost/session]
  [4;36;1mSQL (0.2ms)[0m   [0;1mSET NAMES 'utf8'[0m
  [4;35;1mSQL (0.3ms)[0m   [0mSET SQL_AUTO_IS_NULL=0[0m


Processing SessionsController#create (for 127.0.0.1 at 2009-03-30 16:28:05) [POST]
  Parameters: {"commit"=>"Log in", "authenticity_token"=>"rwY25AS+d3ti2fXlalU723lOyYUhS5ZOR/nXh5j9Qvg=", "login"=>"ognevsky", "password"=>"qweasdzxc", "remember_me"=>"1"}
  [4;36;1mUser Columns (2.9ms)[0m   [0;1mSHOW FIELDS FROM `users`[0m
  [4;35;1mUser Load (0.3ms)[0m   [0mSELECT * FROM `users` WHERE (`users`.`login` = 'ognevsky') LIMIT 1[0m
Failed login for 'ognevsky' from 127.0.0.1 at Mon Mar 30 14:28:05 UTC 2009
Rendering template within layouts/application
Rendering sessions/new
Rendered users/_user_bar (0.2ms)
Completed in 15ms (View: 3, DB: 4) | 200 OK [http://localhost/session]
  [4;36;1mSQL (0.1ms)[0m   [0;1mSET NAMES 'utf8'[0m
  [4;35;1mSQL (0.1ms)[0m   [0mSET SQL_AUTO_IS_NULL=0[0m


Processing SessionsController#create (for 127.0.0.1 at 2009-03-30 16:28:15) [POST]
  Parameters: {"commit"=>"Log in", "authenticity_token"=>"rwY25AS+d3ti2fXlalU723lOyYUhS5ZOR/nXh5j9Qvg=", "login"=>"ognevsky", "password"=>"qweasdzxc", "remember_me"=>"1"}
  [4;36;1mUser Columns (5.0ms)[0m   [0;1mSHOW FIELDS FROM `users`[0m
  [4;35;1mUser Load (1.5ms)[0m   [0mSELECT * FROM `users` WHERE (`users`.`login` = 'ognevsky') LIMIT 1[0m
Failed login for 'ognevsky' from 127.0.0.1 at Mon Mar 30 14:28:15 UTC 2009
Rendering template within layouts/application
Rendering sessions/new
Rendered users/_user_bar (0.2ms)
Completed in 30ms (View: 5, DB: 7) | 200 OK [http://localhost/session]
  [4;36;1mSQL (0.2ms)[0m   [0;1mSET NAMES 'utf8'[0m
  [4;35;1mSQL (0.1ms)[0m   [0mSET SQL_AUTO_IS_NULL=0[0m


Processing SessionsController#create (for 127.0.0.1 at 2009-03-30 16:28:47) [POST]
  Parameters: {"commit"=>"Log in", "authenticity_token"=>"rwY25AS+d3ti2fXlalU723lOyYUhS5ZOR/nXh5j9Qvg=", "login"=>"ognevsky", "password"=>"qweasdzxc", "remember_me"=>"1"}
  [4;36;1mUser Columns (2.2ms)[0m   [0;1mSHOW FIELDS FROM `users`[0m
  [4;35;1mUser Load (0.9ms)[0m   [0mSELECT * FROM `users` WHERE (`users`.`login` = 'ognevsky') LIMIT 1[0m
Failed login for 'ognevsky' from 127.0.0.1 at Mon Mar 30 14:28:47 UTC 2009
Rendering template within layouts/application
Rendering sessions/new
Rendered users/_user_bar (0.2ms)
Completed in 15ms (View: 3, DB: 3) | 200 OK [http://localhost/session]
  [4;36;1mSQL (0.1ms)[0m   [0;1mSET NAMES 'utf8'[0m
  [4;35;1mSQL (0.1ms)[0m   [0mSET SQL_AUTO_IS_NULL=0[0m


Processing SessionsController#show (for 127.0.0.1 at 2009-03-30 16:28:49) [GET]

ActionController::UnknownAction (No action responded to show. Actions: access_denied, check_roles, create, destroy, new, role_requirements, and role_requirements=):
  haml (2.0.9) lib/sass/plugin/rails.rb:19:in `process'

Rendering rescues/layout (not_found)
  [4;36;1mSQL (0.1ms)[0m   [0;1mSET NAMES 'utf8'[0m
  [4;35;1mSQL (0.1ms)[0m   [0mSET SQL_AUTO_IS_NULL=0[0m


Processing HomeController#index (for 127.0.0.1 at 2009-03-30 16:28:52) [GET]
Rendering template within layouts/application
Rendering home/index
Rendered users/_user_bar (0.2ms)
Completed in 4ms (View: 2, DB: 0) | 200 OK [http://localhost/]
  [4;36;1mSQL (0.1ms)[0m   [0;1mSET NAMES 'utf8'[0m
  [4;35;1mSQL (0.1ms)[0m   [0mSET SQL_AUTO_IS_NULL=0[0m


Processing HomeController#index (for 127.0.0.1 at 2009-03-30 16:28:56) [GET]
Rendering template within layouts/application
Rendering home/index
Rendered users/_user_bar (0.2ms)
Completed in 4ms (View: 2, DB: 0) | 200 OK [http://localhost/]
  [4;36;1mSQL (0.2ms)[0m   [0;1mSET NAMES 'utf8'[0m
  [4;35;1mSQL (0.1ms)[0m   [0mSET SQL_AUTO_IS_NULL=0[0m


Processing UsersController#new (for 127.0.0.1 at 2009-03-30 16:29:12) [GET]
  [4;36;1mUser Columns (2.0ms)[0m   [0;1mSHOW FIELDS FROM `users`[0m
Rendering template within layouts/application
Rendering users/new
Rendered users/_user_bar (0.2ms)
Completed in 20ms (View: 10, DB: 2) | 200 OK [http://localhost/signup]
  [4;35;1mSQL (0.1ms)[0m   [0mSET NAMES 'utf8'[0m
  [4;36;1mSQL (0.1ms)[0m   [0;1mSET SQL_AUTO_IS_NULL=0[0m


Processing UsersController#new (for 127.0.0.1 at 2009-03-30 16:29:25) [GET]
  [4;35;1mUser Columns (3.0ms)[0m   [0mSHOW FIELDS FROM `users`[0m
Rendering template within layouts/application
Rendering users/new
Rendered users/_user_bar (0.3ms)
Completed in 24ms (View: 13, DB: 3) | 200 OK [http://localhost/signup]
  [4;36;1mSQL (0.1ms)[0m   [0;1mSET NAMES 'utf8'[0m
  [4;35;1mSQL (0.1ms)[0m   [0mSET SQL_AUTO_IS_NULL=0[0m


Processing UsersController#create (for 127.0.0.1 at 2009-03-30 16:29:39) [POST]
  Parameters: {"user"=>{"password_confirmation"=>"qweasdzxc", "password"=>"qweasdzxc", "login"=>"ognevsky", "email"=>"ognevsky"}, "commit"=>"Sign in", "authenticity_token"=>"rwY25AS+d3ti2fXlalU723lOyYUhS5ZOR/nXh5j9Qvg="}
  [4;36;1mUser Columns (2.0ms)[0m   [0;1mSHOW FIELDS FROM `users`[0m
  [4;35;1mSQL (0.1ms)[0m   [0mBEGIN[0m
  [4;36;1mUser Exists (0.2ms)[0m   [0;1mSELECT `users`.id FROM `users` WHERE (`users`.`login` = BINARY 'ognevsky') LIMIT 1[0m
  [4;35;1mUser Exists (0.1ms)[0m   [0mSELECT `users`.id FROM `users` WHERE (`users`.`email` = BINARY 'ognevsky') LIMIT 1[0m
  [4;36;1mSQL (30.8ms)[0m   [0;1mROLLBACK[0m
Rendering template within layouts/application
Rendering users/new
Rendered users/_user_bar (0.2ms)
Completed in 53ms (View: 6, DB: 33) | 200 OK [http://localhost/users]
  [4;35;1mSQL (0.1ms)[0m   [0mSET NAMES 'utf8'[0m
  [4;36;1mSQL (0.1ms)[0m   [0;1mSET SQL_AUTO_IS_NULL=0[0m


Processing UsersController#create (for 127.0.0.1 at 2009-03-30 16:30:01) [POST]
  Parameters: {"user"=>{"password_confirmation"=>"qweasdzxc", "password"=>"qweasdzxc", "login"=>"ognevsky", "email"=>"ognevsky@gmail.com"}, "commit"=>"Sign in", "authenticity_token"=>"rwY25AS+d3ti2fXlalU723lOyYUhS5ZOR/nXh5j9Qvg="}
  [4;35;1mUser Columns (3.0ms)[0m   [0mSHOW FIELDS FROM `users`[0m
  [4;36;1mSQL (0.1ms)[0m   [0;1mBEGIN[0m
  [4;35;1mUser Exists (0.4ms)[0m   [0mSELECT `users`.id FROM `users` WHERE (`users`.`login` = BINARY 'ognevsky') LIMIT 1[0m
  [4;36;1mUser Exists (0.2ms)[0m   [0;1mSELECT `users`.id FROM `users` WHERE (`users`.`email` = BINARY 'ognevsky@gmail.com') LIMIT 1[0m
  [4;35;1mUser Create (0.3ms)[0m   [0mINSERT INTO `users` (`name`, `salt`, `updated_at`, `crypted_password`, `remember_token_expires_at`, `remember_token`, `login`, `email`, `created_at`) VALUES('', '35e6f154fec02168816a9772bd034458f943b89f', '2009-03-30 14:30:01', '6f7529d3785cd23ca02c01c9ea63abcebfc8424c', NULL, NULL, 'ognevsky', 'ognevsky@gmail.com', '2009-03-30 14:30:01')[0m
  [4;36;1mSQL (0.7ms)[0m   [0;1mCOMMIT[0m
Redirected to http://localhost:3000/
Completed in 69ms (DB: 5) | 302 Found [http://localhost/users]
  [4;35;1mSQL (0.1ms)[0m   [0mSET NAMES 'utf8'[0m
  [4;36;1mSQL (0.1ms)[0m   [0;1mSET SQL_AUTO_IS_NULL=0[0m


Processing HomeController#index (for 127.0.0.1 at 2009-03-30 16:30:01) [GET]
Rendering template within layouts/application
Rendering home/index
  [4;35;1mUser Columns (1.7ms)[0m   [0mSHOW FIELDS FROM `users`[0m
  [4;36;1mUser Load (22.9ms)[0m   [0;1mSELECT * FROM `users` WHERE (`users`.`id` = 1) LIMIT 1[0m
Rendered users/_user_bar (36.8ms)
Completed in 41ms (View: 14, DB: 25) | 200 OK [http://localhost/]
  [4;35;1mSQL (0.1ms)[0m   [0mSET NAMES 'utf8'[0m
  [4;36;1mSQL (0.1ms)[0m   [0;1mSET SQL_AUTO_IS_NULL=0[0m


Processing UsersController#show (for 127.0.0.1 at 2009-03-30 16:30:04) [GET]
  Parameters: {"id"=>"1"}

ActionController::UnknownAction (No action responded to show. Actions: access_denied, check_roles, create, new, role_requirements, and role_requirements=):
  haml (2.0.9) lib/sass/plugin/rails.rb:19:in `process'

Rendering rescues/layout (not_found)
  [4;35;1mSQL (0.1ms)[0m   [0mSET NAMES 'utf8'[0m
  [4;36;1mSQL (0.1ms)[0m   [0;1mSET SQL_AUTO_IS_NULL=0[0m


Processing HomeController#index (for 127.0.0.1 at 2009-03-30 16:30:08) [GET]
Rendering template within layouts/application
Rendering home/index
  [4;35;1mUser Columns (2.8ms)[0m   [0mSHOW FIELDS FROM `users`[0m
  [4;36;1mUser Load (0.3ms)[0m   [0;1mSELECT * FROM `users` WHERE (`users`.`id` = 1) LIMIT 1[0m
Rendered users/_user_bar (13.6ms)
Completed in 17ms (View: 13, DB: 3) | 200 OK [http://localhost/]
  [4;35;1mSQL (0.2ms)[0m   [0mSET NAMES 'utf8'[0m
  [4;36;1mSQL (0.1ms)[0m   [0;1mSET SQL_AUTO_IS_NULL=0[0m


Processing HomeController#index (for 127.0.0.1 at 2009-03-30 16:31:03) [GET]
Rendering template within layouts/application
Rendering home/index
  [4;35;1mUser Columns (3.4ms)[0m   [0mSHOW FIELDS FROM `users`[0m
  [4;36;1mUser Load (0.3ms)[0m   [0;1mSELECT * FROM `users` WHERE (`users`.`id` = 1) LIMIT 1[0m
Rendered users/_user_bar (14.3ms)
Completed in 20ms (View: 15, DB: 4) | 200 OK [http://localhost/]
  [4;35;1mSQL (0.1ms)[0m   [0mSET NAMES 'utf8'[0m
  [4;36;1mSQL (0.1ms)[0m   [0;1mSET SQL_AUTO_IS_NULL=0[0m


Processing HomeController#index (for 127.0.0.1 at 2009-03-30 16:31:20) [GET]
Rendering template within layouts/application
Rendering home/index
  [4;35;1mUser Columns (3.0ms)[0m   [0mSHOW FIELDS FROM `users`[0m
  [4;36;1mUser Load (0.6ms)[0m   [0;1mSELECT * FROM `users` WHERE (`users`.`id` = 1) LIMIT 1[0m
Rendered users/_user_bar (16.6ms)
Completed in 22ms (View: 17, DB: 4) | 200 OK [http://localhost/]
  [4;35;1mSQL (0.2ms)[0m   [0mSET NAMES 'utf8'[0m
  [4;36;1mSQL (0.1ms)[0m   [0;1mSET SQL_AUTO_IS_NULL=0[0m


Processing HomeController#index (for 127.0.0.1 at 2009-03-30 16:31:38) [GET]
Rendering template within layouts/application
Rendering home/index
  [4;35;1mUser Columns (2.2ms)[0m   [0mSHOW FIELDS FROM `users`[0m
  [4;36;1mUser Load (0.2ms)[0m   [0;1mSELECT * FROM `users` WHERE (`users`.`id` = 1) LIMIT 1[0m
Rendered users/_user_bar (12.6ms)
Completed in 18ms (View: 14, DB: 3) | 200 OK [http://localhost/]
  [4;35;1mSQL (0.1ms)[0m   [0mSET NAMES 'utf8'[0m
  [4;36;1mSQL (0.1ms)[0m   [0;1mSET SQL_AUTO_IS_NULL=0[0m


Processing HomeController#index (for 127.0.0.1 at 2009-03-30 16:31:55) [GET]
Rendering template within layouts/application
Rendering home/index
  [4;35;1mUser Columns (2.9ms)[0m   [0mSHOW FIELDS FROM `users`[0m
  [4;36;1mUser Load (0.3ms)[0m   [0;1mSELECT * FROM `users` WHERE (`users`.`id` = 1) LIMIT 1[0m
Rendered users/_user_bar (14.4ms)
Completed in 20ms (View: 15, DB: 3) | 200 OK [http://localhost/]
  [4;35;1mSQL (0.1ms)[0m   [0mSET NAMES 'utf8'[0m
  [4;36;1mSQL (0.1ms)[0m   [0;1mSET SQL_AUTO_IS_NULL=0[0m


Processing HomeController#index (for 127.0.0.1 at 2009-03-30 16:32:22) [GET]
Rendering template within layouts/application
Rendering home/index
  [4;35;1mUser Columns (3.0ms)[0m   [0mSHOW FIELDS FROM `users`[0m
  [4;36;1mUser Load (0.3ms)[0m   [0;1mSELECT * FROM `users` WHERE (`users`.`id` = 1) LIMIT 1[0m
Rendered users/_user_bar (14.8ms)
Completed in 21ms (View: 16, DB: 4) | 200 OK [http://localhost/]
  [4;35;1mSQL (0.1ms)[0m   [0mSET NAMES 'utf8'[0m
  [4;36;1mSQL (0.1ms)[0m   [0;1mSET SQL_AUTO_IS_NULL=0[0m


Processing UsersController#show (for 127.0.0.1 at 2009-03-30 16:32:26) [GET]
  Parameters: {"id"=>"1"}

ActionController::UnknownAction (No action responded to show. Actions: access_denied, check_roles, create, new, role_requirements, and role_requirements=):
  haml (2.0.9) lib/sass/plugin/rails.rb:19:in `process'

Rendering rescues/layout (not_found)
  [4;35;1mSQL (0.2ms)[0m   [0mSET NAMES 'utf8'[0m
  [4;36;1mSQL (0.1ms)[0m   [0;1mSET SQL_AUTO_IS_NULL=0[0m


Processing HomeController#index (for 127.0.0.1 at 2009-03-30 16:32:37) [GET]
Rendering template within layouts/application
Rendering home/index
  [4;35;1mUser Columns (3.3ms)[0m   [0mSHOW FIELDS FROM `users`[0m
  [4;36;1mUser Load (1.1ms)[0m   [0;1mSELECT * FROM `users` WHERE (`users`.`id` = 1) LIMIT 1[0m
Rendered users/_user_bar (16.3ms)
Completed in 22ms (View: 16, DB: 5) | 200 OK [http://localhost/]
  [4;35;1mSQL (0.1ms)[0m   [0mSET NAMES 'utf8'[0m
  [4;36;1mSQL (0.1ms)[0m   [0;1mSET SQL_AUTO_IS_NULL=0[0m


Processing HomeController#index (for 127.0.0.1 at 2009-03-30 16:33:27) [GET]
Rendering template within layouts/application
Rendering home/index
  [4;35;1mUser Columns (3.1ms)[0m   [0mSHOW FIELDS FROM `users`[0m
  [4;36;1mUser Load (0.3ms)[0m   [0;1mSELECT * FROM `users` WHERE (`users`.`id` = 1) LIMIT 1[0m
Rendered users/_user_bar (14.8ms)
Completed in 18ms (View: 13, DB: 4) | 200 OK [http://localhost/]
  [4;35;1mSQL (0.2ms)[0m   [0mSET NAMES 'utf8'[0m
  [4;36;1mSQL (0.1ms)[0m   [0;1mSET SQL_AUTO_IS_NULL=0[0m


Processing SessionsController#destroy (for 127.0.0.1 at 2009-03-30 16:33:30) [GET]
Redirected to http://localhost:3000/
Completed in 7ms (DB: 0) | 302 Found [http://localhost/logout]
  [4;35;1mSQL (0.1ms)[0m   [0mSET NAMES 'utf8'[0m
  [4;36;1mSQL (0.1ms)[0m   [0;1mSET SQL_AUTO_IS_NULL=0[0m


Processing HomeController#index (for 127.0.0.1 at 2009-03-30 16:33:30) [GET]
Rendering template within layouts/application
Rendering home/index
Rendered users/_user_bar (0.2ms)
Completed in 4ms (View: 2, DB: 0) | 200 OK [http://localhost/]
  [4;35;1mSQL (0.2ms)[0m   [0mSET NAMES 'utf8'[0m
  [4;36;1mSQL (0.1ms)[0m   [0;1mSET SQL_AUTO_IS_NULL=0[0m


Processing HomeController#index (for 127.0.0.1 at 2009-03-30 16:34:43) [GET]
Rendering template within layouts/application
Rendering home/index
Rendered users/_user_bar (0.2ms)
Completed in 4ms (View: 2, DB: 0) | 200 OK [http://localhost/]
  [4;35;1mSQL (0.1ms)[0m   [0mSET NAMES 'utf8'[0m
  [4;36;1mSQL (0.1ms)[0m   [0;1mSET SQL_AUTO_IS_NULL=0[0m


Processing SessionsController#new (for 127.0.0.1 at 2009-03-30 16:34:46) [GET]
Rendering template within layouts/application
Rendering sessions/new
Rendered users/_user_bar (0.2ms)
Completed in 5ms (View: 3, DB: 0) | 200 OK [http://localhost/login]
  [4;35;1mSQL (0.2ms)[0m   [0mSET NAMES 'utf8'[0m
  [4;36;1mSQL (0.4ms)[0m   [0;1mSET SQL_AUTO_IS_NULL=0[0m


Processing SessionsController#create (for 127.0.0.1 at 2009-03-30 16:34:47) [POST]
  Parameters: {"commit"=>"Log in", "authenticity_token"=>"SNKKj1RgMdep8EQS3++oZBvDW9lhu58KFQleUmghxAQ=", "login"=>"", "password"=>""}
Failed login for '' from 127.0.0.1 at Mon Mar 30 14:34:47 UTC 2009
Rendering template within layouts/application
Rendering sessions/new
Rendered users/_user_bar (0.1ms)
Completed in 10ms (View: 3, DB: 1) | 200 OK [http://localhost/session]
  [4;35;1mSQL (0.2ms)[0m   [0mSET NAMES 'utf8'[0m
  [4;36;1mSQL (0.1ms)[0m   [0;1mSET SQL_AUTO_IS_NULL=0[0m


Processing SessionsController#create (for 127.0.0.1 at 2009-03-30 16:35:10) [POST]
  Parameters: {"commit"=>"Log in", "authenticity_token"=>"SNKKj1RgMdep8EQS3++oZBvDW9lhu58KFQleUmghxAQ=", "login"=>"", "password"=>""}
Failed login for '' from 127.0.0.1 at Mon Mar 30 14:35:10 UTC 2009
Rendering template within layouts/application
Rendering sessions/new
Rendered users/_user_bar (0.1ms)
Completed in 10ms (View: 3, DB: 0) | 200 OK [http://localhost/session]
  [4;35;1mSQL (0.1ms)[0m   [0mSET NAMES 'utf8'[0m
  [4;36;1mSQL (0.1ms)[0m   [0;1mSET SQL_AUTO_IS_NULL=0[0m


Processing SessionsController#create (for 127.0.0.1 at 2009-03-30 16:35:18) [POST]
  Parameters: {"commit"=>"Log in", "authenticity_token"=>"SNKKj1RgMdep8EQS3++oZBvDW9lhu58KFQleUmghxAQ=", "login"=>"fdsfs", "password"=>""}
Failed login for 'fdsfs' from 127.0.0.1 at Mon Mar 30 14:35:18 UTC 2009
Rendering template within layouts/application
Rendering sessions/new
Rendered users/_user_bar (0.1ms)
Completed in 10ms (View: 3, DB: 0) | 200 OK [http://localhost/session]
  [4;35;1mSQL (0.2ms)[0m   [0mSET NAMES 'utf8'[0m
  [4;36;1mSQL (0.1ms)[0m   [0;1mSET SQL_AUTO_IS_NULL=0[0m


Processing SessionsController#new (for 127.0.0.1 at 2009-03-30 16:35:35) [GET]
Rendering template within layouts/application
Rendering sessions/new
Rendered users/_user_bar (0.2ms)
Completed in 5ms (View: 3, DB: 0) | 200 OK [http://localhost/login]
  [4;35;1mSQL (0.1ms)[0m   [0mSET NAMES 'utf8'[0m
  [4;36;1mSQL (0.1ms)[0m   [0;1mSET SQL_AUTO_IS_NULL=0[0m


Processing SessionsController#create (for 127.0.0.1 at 2009-03-30 16:35:40) [POST]
  Parameters: {"commit"=>"Log in", "authenticity_token"=>"SNKKj1RgMdep8EQS3++oZBvDW9lhu58KFQleUmghxAQ=", "login"=>"ognevsky", "password"=>"qweasdzxc", "remember_me"=>"1"}
  [4;35;1mUser Columns (3.0ms)[0m   [0mSHOW FIELDS FROM `users`[0m
  [4;36;1mUser Load (0.4ms)[0m   [0;1mSELECT * FROM `users` WHERE (`users`.`login` = 'ognevsky') LIMIT 1[0m
  [4;35;1mSQL (0.2ms)[0m   [0mBEGIN[0m
  [4;36;1mUser Update (22.3ms)[0m   [0;1mUPDATE `users` SET `remember_token_expires_at` = '2009-04-13 14:35:40', `remember_token` = '2eeb098a75a891a14adb0b0080caec0210799761', `updated_at` = '2009-03-30 14:35:40' WHERE `id` = 1[0m
  [4;35;1mSQL (0.8ms)[0m   [0mCOMMIT[0m
Redirected to http://localhost:3000/
Completed in 242ms (DB: 27) | 302 Found [http://localhost/session]
  [4;36;1mSQL (0.1ms)[0m   [0;1mSET NAMES 'utf8'[0m
  [4;35;1mSQL (0.1ms)[0m   [0mSET SQL_AUTO_IS_NULL=0[0m


Processing HomeController#index (for 127.0.0.1 at 2009-03-30 16:35:40) [GET]
Rendering template within layouts/application
Rendering home/index
  [4;36;1mUser Columns (2.7ms)[0m   [0;1mSHOW FIELDS FROM `users`[0m
  [4;35;1mUser Load (0.3ms)[0m   [0mSELECT * FROM `users` WHERE (`users`.`id` = 1) LIMIT 1[0m
Rendered users/_user_bar (13.8ms)
Completed in 18ms (View: 13, DB: 3) | 200 OK [http://localhost/]
  [4;36;1mSQL (0.1ms)[0m   [0;1mSET NAMES 'utf8'[0m
  [4;35;1mSQL (0.1ms)[0m   [0mSET SQL_AUTO_IS_NULL=0[0m


Processing SessionsController#new (for 127.0.0.1 at 2009-03-30 16:35:48) [GET]
Rendering template within layouts/application
Rendering sessions/new
  [4;36;1mUser Columns (3.2ms)[0m   [0;1mSHOW FIELDS FROM `users`[0m
  [4;35;1mUser Load (0.2ms)[0m   [0mSELECT * FROM `users` WHERE (`users`.`id` = 1) LIMIT 1[0m
Rendered users/_user_bar (13.3ms)
Completed in 19ms (View: 14, DB: 4) | 200 OK [http://localhost/login]
  [4;36;1mSQL (0.2ms)[0m   [0;1mSET NAMES 'utf8'[0m
  [4;35;1mSQL (0.1ms)[0m   [0mSET SQL_AUTO_IS_NULL=0[0m


Processing SessionsController#create (for 127.0.0.1 at 2009-03-30 16:35:52) [POST]
  Parameters: {"commit"=>"Log in", "authenticity_token"=>"SNKKj1RgMdep8EQS3++oZBvDW9lhu58KFQleUmghxAQ=", "login"=>"", "password"=>""}
Failed login for '' from 127.0.0.1 at Mon Mar 30 14:35:52 UTC 2009
Rendering template within layouts/application
Rendering sessions/new
Rendered users/_user_bar (0.1ms)
Completed in 10ms (View: 3, DB: 0) | 200 OK [http://localhost/session]
  [4;36;1mSQL (0.1ms)[0m   [0;1mSET NAMES 'utf8'[0m
  [4;35;1mSQL (0.1ms)[0m   [0mSET SQL_AUTO_IS_NULL=0[0m


Processing SessionsController#create (for 127.0.0.1 at 2009-03-30 16:36:04) [POST]
  Parameters: {"commit"=>"Log in", "authenticity_token"=>"SNKKj1RgMdep8EQS3++oZBvDW9lhu58KFQleUmghxAQ=", "login"=>"ognevsky", "password"=>"qweasdzxc", "remember_me"=>"1"}
  [4;36;1mUser Columns (3.0ms)[0m   [0;1mSHOW FIELDS FROM `users`[0m
  [4;35;1mUser Load (0.3ms)[0m   [0mSELECT * FROM `users` WHERE (`users`.`login` = 'ognevsky') LIMIT 1[0m
  [4;36;1mSQL (0.1ms)[0m   [0;1mBEGIN[0m
  [4;35;1mUser Update (0.2ms)[0m   [0mUPDATE `users` SET `remember_token_expires_at` = '2009-04-13 14:36:04', `remember_token` = '0422cd849f5a98c193153db7cce221cd68cba6b4', `updated_at` = '2009-03-30 14:36:04' WHERE `id` = 1[0m
  [4;36;1mSQL (0.7ms)[0m   [0;1mCOMMIT[0m
Redirected to http://localhost:3000/
Completed in 17ms (DB: 5) | 302 Found [http://localhost/session]
  [4;35;1mSQL (0.1ms)[0m   [0mSET NAMES 'utf8'[0m
  [4;36;1mSQL (0.1ms)[0m   [0;1mSET SQL_AUTO_IS_NULL=0[0m


Processing HomeController#index (for 127.0.0.1 at 2009-03-30 16:36:04) [GET]
Rendering template within layouts/application
Rendering home/index
  [4;35;1mUser Columns (1.7ms)[0m   [0mSHOW FIELDS FROM `users`[0m
  [4;36;1mUser Load (1.2ms)[0m   [0;1mSELECT * FROM `users` WHERE (`users`.`id` = 1) LIMIT 1[0m
Rendered users/_user_bar (13.1ms)
Completed in 17ms (View: 12, DB: 3) | 200 OK [http://localhost/]
  [4;35;1mSQL (0.1ms)[0m   [0mSET NAMES 'utf8'[0m
  [4;36;1mSQL (0.1ms)[0m   [0;1mSET SQL_AUTO_IS_NULL=0[0m


Processing HomeController#index (for 127.0.0.1 at 2009-03-30 16:36:23) [GET]
Rendering template within layouts/application
Rendering home/index
  [4;35;1mUser Columns (2.9ms)[0m   [0mSHOW FIELDS FROM `users`[0m
  [4;36;1mUser Load (0.3ms)[0m   [0;1mSELECT * FROM `users` WHERE (`users`.`id` = 1) LIMIT 1[0m
Rendered users/_user_bar (13.9ms)
Completed in 18ms (View: 13, DB: 3) | 200 OK [http://localhost/]
  [4;35;1mSQL (0.2ms)[0m   [0mSET NAMES 'utf8'[0m
  [4;36;1mSQL (0.1ms)[0m   [0;1mSET SQL_AUTO_IS_NULL=0[0m


Processing UsersController#show (for 127.0.0.1 at 2009-03-30 16:36:26) [GET]
  Parameters: {"id"=>"1"}

ActionController::UnknownAction (No action responded to show. Actions: access_denied, check_roles, create, new, role_requirements, and role_requirements=):
  haml (2.0.9) lib/sass/plugin/rails.rb:19:in `process'

Rendering rescues/layout (not_found)
  [4;35;1mSQL (0.2ms)[0m   [0mSET NAMES 'utf8'[0m
  [4;36;1mSQL (0.1ms)[0m   [0;1mSET SQL_AUTO_IS_NULL=0[0m


Processing HomeController#index (for 127.0.0.1 at 2009-03-30 16:37:02) [GET]
Rendering template within layouts/application
Rendering home/index
  [4;35;1mUser Columns (3.4ms)[0m   [0mSHOW FIELDS FROM `users`[0m
  [4;36;1mUser Load (0.4ms)[0m   [0;1mSELECT * FROM `users` WHERE (`users`.`id` = 1) LIMIT 1[0m
Rendered users/_user_bar (15.2ms)
Completed in 19ms (View: 14, DB: 4) | 200 OK [http://localhost/]
  [4;35;1mSQL (0.5ms)[0m   [0mSET NAMES 'utf8'[0m
  [4;36;1mSQL (0.1ms)[0m   [0;1mSET SQL_AUTO_IS_NULL=0[0m


Processing SessionsController#destroy (for 127.0.0.1 at 2009-03-30 16:37:04) [GET]
Redirected to http://localhost:3000/
Completed in 7ms (DB: 1) | 302 Found [http://localhost/logout]
  [4;35;1mSQL (0.2ms)[0m   [0mSET NAMES 'utf8'[0m
  [4;36;1mSQL (0.2ms)[0m   [0;1mSET SQL_AUTO_IS_NULL=0[0m


Processing HomeController#index (for 127.0.0.1 at 2009-03-30 16:37:05) [GET]
Rendering template within layouts/application
Rendering home/index
Rendered users/_user_bar (0.2ms)
Completed in 4ms (View: 2, DB: 0) | 200 OK [http://localhost/]
  [4;35;1mSQL (0.1ms)[0m   [0mSET NAMES 'utf8'[0m
  [4;36;1mSQL (0.1ms)[0m   [0;1mSET SQL_AUTO_IS_NULL=0[0m


Processing SessionsController#new (for 127.0.0.1 at 2009-03-30 16:37:18) [GET]
Rendering template within layouts/application
Rendering sessions/new
Rendered users/_user_bar (0.2ms)
Completed in 5ms (View: 3, DB: 0) | 200 OK [http://localhost/login]
  [4;35;1mSQL (0.1ms)[0m   [0mSET NAMES 'utf8'[0m
  [4;36;1mSQL (0.1ms)[0m   [0;1mSET SQL_AUTO_IS_NULL=0[0m


Processing SessionsController#create (for 127.0.0.1 at 2009-03-30 16:37:23) [POST]
  Parameters: {"commit"=>"Log in", "authenticity_token"=>"LZEV1WkpJFCo4SlvjdlbkbQwWKenW7miZ+Qx2kmTorw=", "login"=>"ognevsky", "password"=>"qweasdzxc"}
  [4;35;1mUser Columns (3.0ms)[0m   [0mSHOW FIELDS FROM `users`[0m
  [4;36;1mUser Load (0.4ms)[0m   [0;1mSELECT * FROM `users` WHERE (`users`.`login` = 'ognevsky') LIMIT 1[0m
  [4;35;1mSQL (0.1ms)[0m   [0mBEGIN[0m
  [4;36;1mUser Update (0.3ms)[0m   [0;1mUPDATE `users` SET `remember_token_expires_at` = NULL, `remember_token` = NULL, `updated_at` = '2009-03-30 14:37:23' WHERE `id` = 1[0m
  [4;35;1mSQL (44.7ms)[0m   [0mCOMMIT[0m
Redirected to http://localhost:3000/
Completed in 63ms (DB: 49) | 302 Found [http://localhost/session]
  [4;36;1mSQL (0.1ms)[0m   [0;1mSET NAMES 'utf8'[0m
  [4;35;1mSQL (0.1ms)[0m   [0mSET SQL_AUTO_IS_NULL=0[0m


Processing HomeController#index (for 127.0.0.1 at 2009-03-30 16:37:23) [GET]
Rendering template within layouts/application
Rendering home/index
  [4;36;1mUser Columns (1.8ms)[0m   [0;1mSHOW FIELDS FROM `users`[0m
  [4;35;1mUser Load (1.0ms)[0m   [0mSELECT * FROM `users` WHERE (`users`.`id` = 1) LIMIT 1[0m
Rendered users/_user_bar (66.7ms)
Completed in 70ms (View: 66, DB: 3) | 200 OK [http://localhost/]
  [4;36;1mSQL (0.8ms)[0m   [0;1mSET NAMES 'utf8'[0m
  [4;35;1mSQL (0.1ms)[0m   [0mSET SQL_AUTO_IS_NULL=0[0m


Processing HomeController#index (for 127.0.0.1 at 2009-03-30 16:37:32) [GET]
Rendering template within layouts/application
Rendering home/index
  [4;36;1mUser Columns (2.6ms)[0m   [0;1mSHOW FIELDS FROM `users`[0m
  [4;35;1mUser Load (0.4ms)[0m   [0mSELECT * FROM `users` WHERE (`users`.`id` = 1) LIMIT 1[0m
Rendered users/_user_bar (14.0ms)
Completed in 18ms (View: 13, DB: 4) | 200 OK [http://localhost/]
